<?xml version="1.0" encoding="UTF-8"?>
<!-- Generated by org.testng.reporters.JUnitReportReporter -->
<testsuite hostname="LAPTOP-DENRBFPO" failures="0" tests="1" name="Runner.RunnerClass" time="8.895" errors="0" timestamp="2024-04-24T13:33:19 IST" skipped="0">
  <testcase classname="Runner.RunnerClass" name="runScenario" time="8.895"/>
  <system-out/>
</testsuite> <!-- Runner.RunnerClass -->
