<?xml version="1.0" encoding="UTF-8"?>
<!-- Generated by org.testng.reporters.JUnitReportReporter -->
<testsuite hostname="LAPTOP-DENRBFPO" failures="0" tests="10" name="Runner.RunnerClass" time="0.397" errors="10" timestamp="2024-04-30T14:41:41 IST" skipped="0">
  <testcase classname="Runner.RunnerClass" name="runScenario" time="0.014">
    <error message="Cannot invoke &quot;org.openqa.selenium.WebDriver.getTitle()&quot; because &quot;this.driver&quot; is null" type="java.lang.NullPointerException">
      <![CDATA[java.lang.NullPointerException: Cannot invoke "org.openqa.selenium.WebDriver.getTitle()" because "this.driver" is null
at StepDefinitions.CustomerModule.user_should_be_present_in_homepage(CustomerModule.java:24)
at ✽.User should be present in homepage "actiTIME -  Enter Time-Track"(file:///C:/Users/rushm/git/repository/AltiusProject/FeatureFiles/CustomerModule.feature:3)
]]>
    </error>
  </testcase> <!-- runScenario -->
  <system-out/>
  <testcase classname="Runner.RunnerClass" name="runScenario" time="0.024">
    <error message="Cannot invoke &quot;org.openqa.selenium.WebDriver.getTitle()&quot; because &quot;this.driver&quot; is null" type="java.lang.NullPointerException">
      <![CDATA[java.lang.NullPointerException: Cannot invoke "org.openqa.selenium.WebDriver.getTitle()" because "this.driver" is null
at StepDefinitions.CustomerModule.user_should_be_present_in_homepage(CustomerModule.java:24)
at ✽.User should be present in homepage "actiTIME -  Enter Time-Track"(file:///C:/Users/rushm/git/repository/AltiusProject/FeatureFiles/CustomerModule.feature:3)
]]>
    </error>
  </testcase> <!-- runScenario -->
  <system-out/>
  <testcase classname="Runner.RunnerClass" name="runScenario" time="0.015">
    <error message="Cannot invoke &quot;org.openqa.selenium.WebDriver.getTitle()&quot; because &quot;this.driver&quot; is null" type="java.lang.NullPointerException">
      <![CDATA[java.lang.NullPointerException: Cannot invoke "org.openqa.selenium.WebDriver.getTitle()" because "this.driver" is null
at StepDefinitions.CustomerModule.user_should_be_present_in_homepage(CustomerModule.java:24)
at ✽.User should be present in homepage "actiTIME -  Enter Time-Track"(file:///C:/Users/rushm/git/repository/AltiusProject/FeatureFiles/CustomerModule.feature:3)
]]>
    </error>
  </testcase> <!-- runScenario -->
  <system-out/>
  <testcase classname="Runner.RunnerClass" name="runScenario" time="0.224">
    <error message="Cannot invoke &quot;org.openqa.selenium.WebDriver.getTitle()&quot; because &quot;this.driver&quot; is null" type="java.lang.NullPointerException">
      <![CDATA[java.lang.NullPointerException: Cannot invoke "org.openqa.selenium.WebDriver.getTitle()" because "this.driver" is null
at StepDefinitions.CustomerModule.user_should_be_present_in_homepage(CustomerModule.java:24)
at ✽.User should be present in homepage "actiTIME -  Enter Time-Track"(file:///C:/Users/rushm/git/repository/AltiusProject/FeatureFiles/CustomerModule.feature:3)
]]>
    </error>
  </testcase> <!-- runScenario -->
  <system-out/>
  <testcase classname="Runner.RunnerClass" name="runScenario" time="0.019">
    <error message="Cannot invoke &quot;org.openqa.selenium.WebDriver.getTitle()&quot; because &quot;this.driver&quot; is null" type="java.lang.NullPointerException">
      <![CDATA[java.lang.NullPointerException: Cannot invoke "org.openqa.selenium.WebDriver.getTitle()" because "this.driver" is null
at StepDefinitions.CustomerModule.user_should_be_present_in_homepage(CustomerModule.java:24)
at ✽.User should be present in homepage "actiTIME -  Enter Time-Track"(file:///C:/Users/rushm/git/repository/AltiusProject/FeatureFiles/CustomerModule.feature:3)
]]>
    </error>
  </testcase> <!-- runScenario -->
  <system-out/>
  <testcase classname="Runner.RunnerClass" name="runScenario" time="0.013">
    <error message="Cannot invoke &quot;org.openqa.selenium.WebDriver.getTitle()&quot; because &quot;this.driver&quot; is null" type="java.lang.NullPointerException">
      <![CDATA[java.lang.NullPointerException: Cannot invoke "org.openqa.selenium.WebDriver.getTitle()" because "this.driver" is null
at StepDefinitions.CustomerModule.user_should_be_present_in_homepage(CustomerModule.java:24)
at ✽.User should be present in homepage "actiTIME -  Enter Time-Track"(file:///C:/Users/rushm/git/repository/AltiusProject/FeatureFiles/CustomerModule.feature:3)
]]>
    </error>
  </testcase> <!-- runScenario -->
  <system-out/>
  <testcase classname="Runner.RunnerClass" name="runScenario" time="0.026">
    <error message="Cannot invoke &quot;org.openqa.selenium.WebDriver.getTitle()&quot; because &quot;this.driver&quot; is null" type="java.lang.NullPointerException">
      <![CDATA[java.lang.NullPointerException: Cannot invoke "org.openqa.selenium.WebDriver.getTitle()" because "this.driver" is null
at StepDefinitions.CustomerModule.user_should_be_present_in_homepage(CustomerModule.java:24)
at ✽.User should be present in homepage "actiTIME -  Enter Time-Track"(file:///C:/Users/rushm/git/repository/AltiusProject/FeatureFiles/CustomerModule.feature:3)
]]>
    </error>
  </testcase> <!-- runScenario -->
  <system-out/>
  <testcase classname="Runner.RunnerClass" name="runScenario" time="0.028">
    <error message="Cannot invoke &quot;org.openqa.selenium.WebDriver.getTitle()&quot; because &quot;this.driver&quot; is null" type="java.lang.NullPointerException">
      <![CDATA[java.lang.NullPointerException: Cannot invoke "org.openqa.selenium.WebDriver.getTitle()" because "this.driver" is null
at StepDefinitions.CustomerModule.user_should_be_present_in_homepage(CustomerModule.java:24)
at ✽.User should be present in homepage "actiTIME -  Enter Time-Track"(file:///C:/Users/rushm/git/repository/AltiusProject/FeatureFiles/CustomerModule.feature:3)
]]>
    </error>
  </testcase> <!-- runScenario -->
  <system-out/>
  <testcase classname="Runner.RunnerClass" name="runScenario" time="0.016">
    <error message="Cannot invoke &quot;org.openqa.selenium.WebDriver.getTitle()&quot; because &quot;this.driver&quot; is null" type="java.lang.NullPointerException">
      <![CDATA[java.lang.NullPointerException: Cannot invoke "org.openqa.selenium.WebDriver.getTitle()" because "this.driver" is null
at StepDefinitions.CustomerModule.user_should_be_present_in_homepage(CustomerModule.java:24)
at ✽.User should be present in homepage "actiTIME -  Enter Time-Track"(file:///C:/Users/rushm/git/repository/AltiusProject/FeatureFiles/CustomerModule.feature:3)
]]>
    </error>
  </testcase> <!-- runScenario -->
  <system-out/>
  <testcase classname="Runner.RunnerClass" name="runScenario" time="0.018">
    <error message="Cannot invoke &quot;org.openqa.selenium.WebDriver.getTitle()&quot; because &quot;this.driver&quot; is null" type="java.lang.NullPointerException">
      <![CDATA[java.lang.NullPointerException: Cannot invoke "org.openqa.selenium.WebDriver.getTitle()" because "this.driver" is null
at StepDefinitions.CustomerModule.user_should_be_present_in_homepage(CustomerModule.java:24)
at ✽.User should be present in homepage "actiTIME -  Enter Time-Track"(file:///C:/Users/rushm/git/repository/AltiusProject/FeatureFiles/CustomerModule.feature:3)
]]>
    </error>
  </testcase> <!-- runScenario -->
  <system-out/>
</testsuite> <!-- Runner.RunnerClass -->
